[18 Jan 2015 18:01:25] INFO - "Starting ping test" - (SystemServiceTest.java:44) 
[18 Jan 2015 18:01:47] INFO - "Starting ping test" - (SystemServiceTest.java:44) 
[18 Jan 2015 18:01:49] INFO - "Starting ping test" - (SystemServiceTest.java:44) 
[18 Jan 2015 18:01:51] INFO - "Cleaning up test entries after test" - (BaseTest.java:84) 
[18 Jan 2015 18:01:53] INFO - "Cleaning up test entries after test" - (BaseTest.java:84) 
[18 Jan 2015 18:01:54] INFO - "Cleaning up test entries after test" - (BaseTest.java:84) 
[18 Jan 2015 18:01:54] INFO - "Starting badGet test" - (MediaServiceTest.java:242) 
[18 Jan 2015 18:01:54] INFO - "Cleaning up test entries after test" - (BaseTest.java:84) 
[18 Jan 2015 18:01:54] INFO - "Test Update Entry" - (MediaServiceTest.java:210) 
[18 Jan 2015 18:01:58] INFO - "Cleaning up test entries after test" - (BaseTest.java:84) 
[18 Jan 2015 18:01:58] INFO - "Deleting 0_mok8z66j" - (BaseTest.java:89) 
[18 Jan 2015 18:01:59] INFO - "Test upload token add" - (MediaServiceTest.java:123) 
[18 Jan 2015 18:01:04] INFO - "On try: 1, clip not ready. waiting 30 seconds..." - (BaseTest.java:179) 
[18 Jan 2015 18:01:34] INFO - "On try: 2, clip not ready. waiting 30 seconds..." - (BaseTest.java:179) 
[18 Jan 2015 18:01:05] INFO - "Cleaning up test entries after test" - (BaseTest.java:84) 
[18 Jan 2015 18:01:05] INFO - "Deleting 0_r9da0o51" - (BaseTest.java:89) 
[18 Jan 2015 18:01:07] INFO - "Cleaning up test entries after test" - (BaseTest.java:84) 
[18 Jan 2015 18:01:07] INFO - "Starting get test" - (MediaServiceTest.java:265) 
[18 Jan 2015 18:01:10] INFO - "Cleaning up test entries after test" - (BaseTest.java:84) 
[18 Jan 2015 18:01:10] INFO - "Deleting 0_mx3ur9b0" - (BaseTest.java:89) 
[18 Jan 2015 18:01:11] INFO - "Test List" - (MediaServiceTest.java:293) 
[18 Jan 2015 18:01:17] INFO - "Cleaning up test entries after test" - (BaseTest.java:84) 
[18 Jan 2015 18:01:17] INFO - "Deleting 0_yatz1rgo" - (BaseTest.java:89) 
[18 Jan 2015 18:01:18] INFO - "Deleting 0_85ysyqog" - (BaseTest.java:89) 
[18 Jan 2015 18:01:19] INFO - "Starting moderation test" - (MediaServiceTest.java:349) 
[18 Jan 2015 18:01:19] INFO - "Starting addFromUrl test" - (MediaServiceTest.java:354) 
[18 Jan 2015 18:01:23] INFO - "Cleaning up test entries after test" - (BaseTest.java:84) 
[18 Jan 2015 18:01:23] INFO - "Deleting 0_89c8sgsj" - (BaseTest.java:89) 
[18 Jan 2015 18:01:24] INFO - "Starting delete test" - (MediaServiceTest.java:401) 
[18 Jan 2015 18:01:28] INFO - "Cleaning up test entries after test" - (BaseTest.java:84) 
[18 Jan 2015 18:01:28] INFO - "Starting delete test" - (MediaServiceTest.java:449) 
[18 Jan 2015 18:01:31] INFO - "Cleaning up test entries after test" - (BaseTest.java:84) 
[18 Jan 2015 18:01:31] INFO - "Deleting 0_2c74jmau" - (BaseTest.java:89) 
[18 Jan 2015 18:01:32] INFO - "Starting test data serve" - (MediaServiceTest.java:483) 
[18 Jan 2015 18:01:32] INFO - "Cleaning up test entries after test" - (BaseTest.java:84) 
[18 Jan 2015 18:01:32] INFO - "Starting test playlist execute from filters" - (MediaServiceTest.java:495) 
[18 Jan 2015 18:01:35] INFO - "Cleaning up test entries after test" - (BaseTest.java:84) 
[18 Jan 2015 18:01:35] INFO - "Deleting 0_montwu56" - (BaseTest.java:89) 
[18 Jan 2015 18:01:37] INFO - "Cleaning up test entries after test" - (BaseTest.java:84) 
[18 Jan 2015 18:01:37] INFO - "Test Add From URL" - (MediaServiceTest.java:73) 
[18 Jan 2015 18:01:38] INFO - "Cleaning up test entries after test" - (BaseTest.java:84) 
[18 Jan 2015 18:01:38] INFO - "Deleting 0_yduxxew7" - (BaseTest.java:89) 
[18 Jan 2015 18:01:41] INFO - "Cleaning up test entries after test" - (BaseTest.java:84) 
[18 Jan 2015 18:01:42] INFO - "Cleaning up test entries after test" - (BaseTest.java:84) 
[18 Jan 2015 18:01:44] INFO - "Cleaning up test entries after test" - (BaseTest.java:84) 
[18 Jan 2015 18:01:45] INFO - "Cleaning up test entries after test" - (BaseTest.java:84) 
[18 Jan 2015 18:01:45] INFO - "Starting ui conf add test" - (UiConfServiceTest.java:72) 
[18 Jan 2015 18:01:46] INFO - "Cleaning up test entries after test" - (BaseTest.java:84) 
[18 Jan 2015 18:01:46] INFO - "Cleaning up test UI Conf entries after test" - (UiConfServiceTest.java:174) 
[18 Jan 2015 18:01:47] INFO - "Starting ui get test" - (UiConfServiceTest.java:90) 
[18 Jan 2015 18:01:48] INFO - "Cleaning up test entries after test" - (BaseTest.java:84) 
[18 Jan 2015 18:01:48] INFO - "Cleaning up test UI Conf entries after test" - (UiConfServiceTest.java:174) 
[18 Jan 2015 18:01:48] INFO - "Starting ui conf delete test" - (UiConfServiceTest.java:112) 
[18 Jan 2015 18:01:50] INFO - "Cleaning up test entries after test" - (BaseTest.java:84) 
[18 Jan 2015 18:01:50] INFO - "Cleaning up test UI Conf entries after test" - (UiConfServiceTest.java:174) 
[18 Jan 2015 18:01:50] INFO - "Starting ui conf list test" - (UiConfServiceTest.java:144) 
[18 Jan 2015 18:01:51] INFO - "Cleaning up test entries after test" - (BaseTest.java:84) 
[18 Jan 2015 18:01:51] INFO - "Cleaning up test UI Conf entries after test" - (UiConfServiceTest.java:174) 
[18 Jan 2015 18:01:53] INFO - "Cleaning up test entries after test" - (BaseTest.java:84) 
[18 Jan 2015 18:01:54] INFO - "Cleaning up test entries after test" - (BaseTest.java:84) 
[18 Jan 2015 18:01:56] INFO - "Cleaning up test entries after test" - (BaseTest.java:84) 
[18 Jan 2015 18:01:58] ERROR - "Fatal transport error: The host did not accept the connection within timeout of 2000 ms" - (KalturaClientBase.java:372) 
org.apache.commons.httpclient.ConnectTimeoutException: The host did not accept the connection within timeout of 2000 ms
	at org.apache.commons.httpclient.protocol.ReflectionSocketFactory.createSocket(ReflectionSocketFactory.java:155)
	at org.apache.commons.httpclient.protocol.DefaultProtocolSocketFactory.createSocket(DefaultProtocolSocketFactory.java:125)
	at org.apache.commons.httpclient.HttpConnection.open(HttpConnection.java:707)
	at org.apache.commons.httpclient.HttpMethodDirector.executeWithRetry(HttpMethodDirector.java:387)
	at org.apache.commons.httpclient.HttpMethodDirector.executeMethod(HttpMethodDirector.java:171)
	at org.apache.commons.httpclient.HttpClient.executeMethod(HttpClient.java:397)
	at org.apache.commons.httpclient.HttpClient.executeMethod(HttpClient.java:323)
	at com.kaltura.client.KalturaClientBase.executeMethod(KalturaClientBase.java:309)
	at com.kaltura.client.KalturaClientBase.doQueue(KalturaClientBase.java:269)
	at com.kaltura.client.services.KalturaSystemService.ping(KalturaSystemService.java:59)
	at com.kaltura.client.test.ErrorTest.testInvalidServiceId(ErrorTest.java:55)
	at sun.reflect.NativeMethodAccessorImpl.invoke0(Native Method)
	at sun.reflect.NativeMethodAccessorImpl.invoke(Unknown Source)
	at sun.reflect.DelegatingMethodAccessorImpl.invoke(Unknown Source)
	at java.lang.reflect.Method.invoke(Unknown Source)
	at junit.framework.TestCase.runTest(TestCase.java:168)
	at junit.framework.TestCase.runBare(TestCase.java:134)
	at junit.framework.TestResult$1.protect(TestResult.java:110)
	at junit.framework.TestResult.runProtected(TestResult.java:128)
	at junit.framework.TestResult.run(TestResult.java:113)
	at junit.framework.TestCase.run(TestCase.java:124)
	at junit.framework.TestSuite.runTest(TestSuite.java:232)
	at junit.framework.TestSuite.run(TestSuite.java:227)
	at junit.framework.TestSuite.runTest(TestSuite.java:232)
	at junit.framework.TestSuite.run(TestSuite.java:227)
	at org.junit.internal.runners.JUnit38ClassRunner.run(JUnit38ClassRunner.java:83)
	at org.junit.runners.Suite.runChild(Suite.java:128)
	at org.junit.runners.Suite.runChild(Suite.java:24)
	at org.junit.runners.ParentRunner$3.run(ParentRunner.java:193)
	at org.junit.runners.ParentRunner$1.schedule(ParentRunner.java:52)
	at org.junit.runners.ParentRunner.runChildren(ParentRunner.java:191)
	at org.junit.runners.ParentRunner.access$000(ParentRunner.java:42)
	at org.junit.runners.ParentRunner$2.evaluate(ParentRunner.java:184)
	at org.junit.runners.ParentRunner.run(ParentRunner.java:236)
	at org.junit.runner.JUnitCore.run(JUnitCore.java:157)
	at org.junit.runner.JUnitCore.run(JUnitCore.java:136)
	at org.junit.runner.JUnitCore.run(JUnitCore.java:117)
	at org.junit.runner.JUnitCore.runMain(JUnitCore.java:98)
	at org.junit.runner.JUnitCore.runMainAndExit(JUnitCore.java:53)
	at org.junit.runner.JUnitCore.main(JUnitCore.java:45)
Caused by: java.net.SocketTimeoutException: connect timed out
	at java.net.PlainSocketImpl.socketConnect(Native Method)
	at java.net.AbstractPlainSocketImpl.doConnect(Unknown Source)
	at java.net.AbstractPlainSocketImpl.connectToAddress(Unknown Source)
	at java.net.AbstractPlainSocketImpl.connect(Unknown Source)
	at java.net.SocksSocketImpl.connect(Unknown Source)
	at java.net.Socket.connect(Unknown Source)
	at sun.reflect.GeneratedMethodAccessor5.invoke(Unknown Source)
	at sun.reflect.DelegatingMethodAccessorImpl.invoke(Unknown Source)
	at java.lang.reflect.Method.invoke(Unknown Source)
	at org.apache.commons.httpclient.protocol.ReflectionSocketFactory.createSocket(ReflectionSocketFactory.java:140)
	... 39 more
[18 Jan 2015 18:01:58] INFO - "Cleaning up test entries after test" - (BaseTest.java:84) 
[18 Jan 2015 18:01:58] ERROR - "Fatal transport error: www.nonexistingkaltura.com" - (KalturaClientBase.java:376) 
java.net.UnknownHostException: www.nonexistingkaltura.com
	at java.net.AbstractPlainSocketImpl.connect(Unknown Source)
	at java.net.SocksSocketImpl.connect(Unknown Source)
	at java.net.Socket.connect(Unknown Source)
	at java.net.Socket.connect(Unknown Source)
	at java.net.Socket.<init>(Unknown Source)
	at java.net.Socket.<init>(Unknown Source)
	at org.apache.commons.httpclient.protocol.DefaultProtocolSocketFactory.createSocket(DefaultProtocolSocketFactory.java:80)
	at org.apache.commons.httpclient.protocol.ControllerThreadSocketFactory$1.doit(ControllerThreadSocketFactory.java:91)
	at org.apache.commons.httpclient.protocol.ControllerThreadSocketFactory$SocketTask.run(ControllerThreadSocketFactory.java:158)
	at java.lang.Thread.run(Unknown Source)
[18 Jan 2015 18:01:58] INFO - "Cleaning up test entries after test" - (BaseTest.java:84) 
[18 Jan 2015 18:01:58] INFO - "Cleaning up test entries after test" - (BaseTest.java:84) 
[18 Jan 2015 18:01:58] INFO - "Cleaning up test entries after test" - (BaseTest.java:84) 
[18 Jan 2015 18:01:58] INFO - "Cleaning up test entries after test" - (BaseTest.java:84) 
[18 Jan 2015 18:01:58] INFO - "Cleaning up test entries after test" - (BaseTest.java:84) 
[18 Jan 2015 18:01:58] INFO - "Cleaning up test entries after test" - (BaseTest.java:84) 
[18 Jan 2015 18:01:58] INFO - "Cleaning up test entries after test" - (BaseTest.java:84) 
[18 Jan 2015 18:01:58] INFO - "Cleaning up test entries after test" - (BaseTest.java:84) 
[18 Jan 2015 18:01:58] INFO - "Cleaning up test entries after test" - (BaseTest.java:84) 
[18 Jan 2015 18:01:58] INFO - "Cleaning up test entries after test" - (BaseTest.java:84) 
